2025-12-29 12:24:53,827 | INFO | text_moderator | ML text model loaded
2025-12-29 12:24:53,829 | INFO | ModerationSystem | ModerationEngine initialized
2025-12-29 12:25:58,732 | INFO | ModerationSystem | TEXT moderation started
2025-12-29 12:25:58,753 | INFO | text_moderator | Verdict=NSFW | rule=0.80 | ml=0.90
2025-12-29 12:25:58,755 | INFO | ModerationSystem | TEXT verdict=NSFW confidence=0.9
2025-12-29 12:26:00,857 | INFO | ModerationSystem | TEXT moderation started
2025-12-29 12:26:00,860 | INFO | text_moderator | Verdict=NSFW | rule=0.80 | ml=0.90
2025-12-29 12:26:00,860 | INFO | ModerationSystem | TEXT verdict=NSFW confidence=0.9
2025-12-29 12:26:02,943 | INFO | ModerationSystem | TEXT moderation started
2025-12-29 12:26:02,943 | INFO | text_moderator | Verdict=NSFW | rule=0.80 | ml=0.90
2025-12-29 12:26:02,943 | INFO | ModerationSystem | TEXT verdict=NSFW confidence=0.9
2025-12-29 12:26:17,206 | INFO | ModerationSystem | TEXT moderation started
2025-12-29 12:26:17,209 | INFO | text_moderator | Verdict=SAFE | rule=0.00 | ml=0.25
2025-12-29 12:26:17,212 | INFO | ModerationSystem | TEXT verdict=SAFE confidence=0.25
2025-12-29 12:26:42,005 | INFO | ModerationSystem | TEXT moderation started
2025-12-29 12:26:42,010 | INFO | text_moderator | Verdict=REVIEW | rule=0.00 | ml=0.39
2025-12-29 12:26:42,010 | INFO | ModerationSystem | TEXT verdict=REVIEW confidence=0.39
2025-12-29 12:27:00,633 | INFO | ModerationSystem | TEXT moderation started
2025-12-29 12:27:00,635 | INFO | text_moderator | Verdict=NSFW | rule=0.00 | ml=0.91
2025-12-29 12:27:00,635 | INFO | ModerationSystem | TEXT verdict=NSFW confidence=0.91
2025-12-29 12:27:25,206 | INFO | ModerationSystem | TEXT moderation started
2025-12-29 12:27:25,215 | INFO | text_moderator | Verdict=SAFE | rule=0.00 | ml=0.28
2025-12-29 12:27:25,215 | INFO | ModerationSystem | TEXT verdict=SAFE confidence=0.28
2025-12-29 12:27:26,585 | INFO | ModerationSystem | TEXT moderation started
2025-12-29 12:27:26,590 | INFO | text_moderator | Verdict=SAFE | rule=0.00 | ml=0.28
2025-12-29 12:27:26,590 | INFO | ModerationSystem | TEXT verdict=SAFE confidence=0.28
2025-12-29 12:32:21,051 | INFO | ModerationSystem | VIDEO moderation started
2025-12-29 12:32:21,051 | INFO | video_moderator | Starting video moderation: 5a35e26fa6d74750b236b9abe05fad7e.mp4
2025-12-29 12:32:21,452 | INFO | image_moderator | Starting image moderation: tmpg6x3ke6d.jpg
2025-12-29 12:32:21,452 | INFO | image_moderator | Loading NudeNet model...
2025-12-29 12:32:22,196 | INFO | image_moderator | NudeNet model loaded successfully
2025-12-29 12:32:22,554 | INFO | image_moderator | Detections found: 3
2025-12-29 12:32:22,564 | INFO | image_moderator | Verdict: SAFE | soft_score=0.00
2025-12-29 12:32:23,472 | INFO | image_moderator | Starting image moderation: tmp6swfcqae.jpg
2025-12-29 12:32:23,872 | INFO | image_moderator | Detections found: 4
2025-12-29 12:32:23,889 | INFO | image_moderator | Verdict: SAFE | soft_score=0.00
2025-12-29 12:32:24,799 | INFO | image_moderator | Starting image moderation: tmpwrz1gb1r.jpg
2025-12-29 12:32:25,162 | INFO | image_moderator | Detections found: 3
2025-12-29 12:32:25,185 | INFO | image_moderator | Verdict: SAFE | soft_score=0.00
2025-12-29 12:32:25,492 | INFO | video_moderator | Final verdict=SAFE | nsfw_ratio=0.00 | max_confidence=0.00
2025-12-29 12:32:25,512 | INFO | ModerationSystem | VIDEO verdict=SAFE confidence=0.0
2025-12-29 12:32:36,271 | INFO | ModerationSystem | VIDEO moderation started
2025-12-29 12:32:36,272 | INFO | video_moderator | Starting video moderation: 20ecef3472dc40d79f6fa69f9faa8243.mp4
2025-12-29 12:32:36,349 | INFO | image_moderator | Starting image moderation: tmp4sris2d0.jpg
2025-12-29 12:32:36,456 | INFO | image_moderator | Detections found: 0
2025-12-29 12:32:36,461 | INFO | image_moderator | Verdict: SAFE (no detections)
2025-12-29 12:32:36,848 | INFO | image_moderator | Starting image moderation: tmp75ekza65.jpg
2025-12-29 12:32:37,273 | INFO | image_moderator | Detections found: 0
2025-12-29 12:32:37,293 | INFO | image_moderator | Verdict: SAFE (no detections)
2025-12-29 12:32:38,367 | INFO | image_moderator | Starting image moderation: tmpl_511zc2.jpg
2025-12-29 12:32:38,823 | INFO | image_moderator | Detections found: 1
2025-12-29 12:32:38,832 | INFO | image_moderator | Verdict: SAFE | soft_score=0.00
2025-12-29 12:32:39,742 | INFO | image_moderator | Starting image moderation: tmpesxd7kkd.jpg
2025-12-29 12:32:40,111 | INFO | image_moderator | Detections found: 1
2025-12-29 12:32:40,126 | INFO | image_moderator | Verdict: SAFE | soft_score=0.00
2025-12-29 12:32:41,083 | INFO | image_moderator | Starting image moderation: tmpfhug1en5.jpg
2025-12-29 12:32:41,433 | INFO | image_moderator | Detections found: 0
2025-12-29 12:32:41,452 | INFO | image_moderator | Verdict: SAFE (no detections)
2025-12-29 12:32:42,396 | INFO | image_moderator | Starting image moderation: tmp3or9rub8.jpg
2025-12-29 12:32:42,765 | INFO | image_moderator | Detections found: 0
2025-12-29 12:32:42,782 | INFO | image_moderator | Verdict: SAFE (no detections)
2025-12-29 12:32:43,725 | INFO | image_moderator | Starting image moderation: tmp3i_iteup.jpg
2025-12-29 12:32:44,103 | INFO | image_moderator | Detections found: 0
2025-12-29 12:32:44,116 | INFO | image_moderator | Verdict: SAFE (no detections)
2025-12-29 12:32:45,073 | INFO | image_moderator | Starting image moderation: tmpgdyw4b8r.jpg
2025-12-29 12:32:45,443 | INFO | image_moderator | Detections found: 0
2025-12-29 12:32:45,461 | INFO | image_moderator | Verdict: SAFE (no detections)
2025-12-29 12:32:46,374 | INFO | image_moderator | Starting image moderation: tmp3f8_knl5.jpg
2025-12-29 12:32:46,775 | INFO | image_moderator | Detections found: 0
2025-12-29 12:32:46,792 | INFO | image_moderator | Verdict: SAFE (no detections)
2025-12-29 12:32:47,869 | INFO | image_moderator | Starting image moderation: tmp9w13k4m_.jpg
2025-12-29 12:32:48,371 | INFO | image_moderator | Detections found: 0
2025-12-29 12:32:48,384 | INFO | image_moderator | Verdict: SAFE (no detections)
2025-12-29 12:32:49,323 | INFO | image_moderator | Starting image moderation: tmpwbyii0oo.jpg
2025-12-29 12:32:49,846 | INFO | image_moderator | Detections found: 0
2025-12-29 12:32:49,882 | INFO | image_moderator | Verdict: SAFE (no detections)
2025-12-29 12:32:50,841 | INFO | image_moderator | Starting image moderation: tmpy9jeb31f.jpg
2025-12-29 12:32:51,232 | INFO | image_moderator | Detections found: 0
2025-12-29 12:32:51,246 | INFO | image_moderator | Verdict: SAFE (no detections)
2025-12-29 12:32:52,272 | INFO | image_moderator | Starting image moderation: tmp7qylp9lj.jpg
2025-12-29 12:32:52,682 | INFO | image_moderator | Detections found: 0
2025-12-29 12:32:52,696 | INFO | image_moderator | Verdict: SAFE (no detections)
2025-12-29 12:32:53,615 | INFO | image_moderator | Starting image moderation: tmp4gm54432.jpg
2025-12-29 12:32:54,009 | INFO | image_moderator | Detections found: 1
2025-12-29 12:32:54,019 | INFO | image_moderator | Verdict: SAFE | soft_score=0.00
2025-12-29 12:32:54,981 | INFO | image_moderator | Starting image moderation: tmpwiay0jrb.jpg
2025-12-29 12:32:55,352 | INFO | image_moderator | Detections found: 1
2025-12-29 12:32:55,369 | INFO | image_moderator | Verdict: SAFE | soft_score=0.00
2025-12-29 12:32:56,339 | INFO | image_moderator | Starting image moderation: tmpqdvbck97.jpg
2025-12-29 12:32:56,733 | INFO | image_moderator | Detections found: 1
2025-12-29 12:32:56,748 | INFO | image_moderator | Verdict: SAFE | soft_score=0.00
2025-12-29 12:32:57,743 | INFO | image_moderator | Starting image moderation: tmpxx793nyw.jpg
2025-12-29 12:32:58,174 | INFO | image_moderator | Detections found: 0
2025-12-29 12:32:58,186 | INFO | image_moderator | Verdict: SAFE (no detections)
2025-12-29 12:32:59,143 | INFO | image_moderator | Starting image moderation: tmpws619e3h.jpg
2025-12-29 12:32:59,582 | INFO | image_moderator | Detections found: 0
2025-12-29 12:32:59,612 | INFO | image_moderator | Verdict: SAFE (no detections)
2025-12-29 12:33:00,862 | INFO | image_moderator | Starting image moderation: tmpa5bb1i8y.jpg
2025-12-29 12:33:01,450 | INFO | image_moderator | Detections found: 0
2025-12-29 12:33:01,475 | INFO | image_moderator | Verdict: SAFE (no detections)
2025-12-29 12:33:02,489 | INFO | image_moderator | Starting image moderation: tmp5lia272p.jpg
2025-12-29 12:33:02,829 | INFO | image_moderator | Detections found: 0
2025-12-29 12:33:02,844 | INFO | image_moderator | Verdict: SAFE (no detections)
2025-12-29 12:33:03,813 | INFO | image_moderator | Starting image moderation: tmpe1vo3d6l.jpg
2025-12-29 12:33:04,239 | INFO | image_moderator | Detections found: 0
2025-12-29 12:33:04,305 | INFO | image_moderator | Verdict: SAFE (no detections)
2025-12-29 12:33:05,452 | INFO | image_moderator | Starting image moderation: tmpuky0i7ts.jpg
2025-12-29 12:33:05,891 | INFO | image_moderator | Detections found: 0
2025-12-29 12:33:05,902 | INFO | image_moderator | Verdict: SAFE (no detections)
2025-12-29 12:33:06,877 | INFO | image_moderator | Starting image moderation: tmp4y75t225.jpg
2025-12-29 12:33:07,252 | INFO | image_moderator | Detections found: 1
2025-12-29 12:33:07,267 | INFO | image_moderator | Verdict: SAFE | soft_score=0.00
2025-12-29 12:33:08,202 | INFO | image_moderator | Starting image moderation: tmpsy2rbd3e.jpg
2025-12-29 12:33:08,593 | INFO | image_moderator | Detections found: 0
2025-12-29 12:33:08,612 | INFO | image_moderator | Verdict: SAFE (no detections)
2025-12-29 12:33:09,791 | INFO | image_moderator | Starting image moderation: tmp86k06xyg.jpg
2025-12-29 12:33:10,346 | INFO | image_moderator | Detections found: 1
2025-12-29 12:33:10,369 | INFO | image_moderator | Verdict: SAFE | soft_score=0.00
2025-12-29 12:33:11,641 | INFO | image_moderator | Starting image moderation: tmpyc32x8_x.jpg
2025-12-29 12:33:12,061 | INFO | image_moderator | Detections found: 2
2025-12-29 12:33:12,074 | INFO | image_moderator | Verdict: SAFE | soft_score=0.00
2025-12-29 12:33:13,045 | INFO | image_moderator | Starting image moderation: tmpm4nqeutq.jpg
2025-12-29 12:33:13,459 | INFO | image_moderator | Detections found: 1
2025-12-29 12:33:13,486 | INFO | image_moderator | Verdict: SAFE | soft_score=0.00
2025-12-29 12:33:14,532 | INFO | image_moderator | Starting image moderation: tmprj03o4_f.jpg
2025-12-29 12:33:14,938 | INFO | image_moderator | Detections found: 1
2025-12-29 12:33:14,959 | INFO | image_moderator | Verdict: SAFE | soft_score=0.00
2025-12-29 12:33:15,893 | INFO | image_moderator | Starting image moderation: tmp_8eej312.jpg
2025-12-29 12:33:16,342 | INFO | image_moderator | Detections found: 1
2025-12-29 12:33:16,362 | INFO | image_moderator | Verdict: SAFE | soft_score=0.00
2025-12-29 12:33:17,342 | INFO | image_moderator | Starting image moderation: tmpc_ngp3kb.jpg
2025-12-29 12:33:17,801 | INFO | image_moderator | Detections found: 1
2025-12-29 12:33:17,813 | INFO | image_moderator | Verdict: SAFE | soft_score=0.00
2025-12-29 12:33:18,793 | INFO | image_moderator | Starting image moderation: tmp84ihkrfb.jpg
2025-12-29 12:33:19,174 | INFO | image_moderator | Detections found: 1
2025-12-29 12:33:19,183 | INFO | image_moderator | Verdict: SAFE | soft_score=0.00
2025-12-29 12:33:20,144 | INFO | image_moderator | Starting image moderation: tmphkfcmhnk.jpg
2025-12-29 12:33:20,544 | INFO | image_moderator | Detections found: 1
2025-12-29 12:33:20,552 | INFO | image_moderator | Verdict: SAFE | soft_score=0.00
2025-12-29 12:33:21,512 | INFO | image_moderator | Starting image moderation: tmpc5qoiyl7.jpg
2025-12-29 12:33:21,930 | INFO | image_moderator | Detections found: 1
2025-12-29 12:33:21,942 | INFO | image_moderator | Verdict: SAFE | soft_score=0.00
2025-12-29 12:33:22,855 | INFO | image_moderator | Starting image moderation: tmpoq7al869.jpg
2025-12-29 12:33:23,243 | INFO | image_moderator | Detections found: 0
2025-12-29 12:33:23,258 | INFO | image_moderator | Verdict: SAFE (no detections)
2025-12-29 12:33:24,203 | INFO | image_moderator | Starting image moderation: tmptpl6fmpj.jpg
2025-12-29 12:33:24,586 | INFO | image_moderator | Detections found: 0
2025-12-29 12:33:24,602 | INFO | image_moderator | Verdict: SAFE (no detections)
2025-12-29 12:33:25,590 | INFO | image_moderator | Starting image moderation: tmpn0vbfiyc.jpg
2025-12-29 12:33:25,994 | INFO | image_moderator | Detections found: 3
2025-12-29 12:33:26,002 | INFO | image_moderator | Verdict: SAFE | soft_score=0.68
2025-12-29 12:33:27,082 | INFO | image_moderator | Starting image moderation: tmpohdftsk4.jpg
2025-12-29 12:33:27,494 | INFO | image_moderator | Detections found: 3
2025-12-29 12:33:27,508 | INFO | image_moderator | Verdict: SAFE | soft_score=0.00
2025-12-29 12:33:28,485 | INFO | image_moderator | Starting image moderation: tmp1d34r6jq.jpg
2025-12-29 12:33:28,864 | INFO | image_moderator | Detections found: 3
2025-12-29 12:33:28,872 | INFO | image_moderator | Verdict: SAFE | soft_score=0.00
2025-12-29 12:33:29,834 | INFO | image_moderator | Starting image moderation: tmp55o05lfo.jpg
2025-12-29 12:33:30,182 | INFO | image_moderator | Detections found: 2
2025-12-29 12:33:30,211 | INFO | image_moderator | Verdict: SAFE | soft_score=0.00
2025-12-29 12:33:31,140 | INFO | image_moderator | Starting image moderation: tmpl5n2mbvg.jpg
2025-12-29 12:33:31,535 | INFO | image_moderator | Detections found: 3
2025-12-29 12:33:31,542 | INFO | image_moderator | Verdict: SAFE | soft_score=0.67
2025-12-29 12:33:32,488 | INFO | image_moderator | Starting image moderation: tmpvk845zc_.jpg
2025-12-29 12:33:32,886 | INFO | image_moderator | Detections found: 1
2025-12-29 12:33:32,901 | INFO | image_moderator | Verdict: SAFE | soft_score=0.00
2025-12-29 12:33:33,864 | INFO | image_moderator | Starting image moderation: tmpvzf92sm1.jpg
2025-12-29 12:33:34,242 | INFO | image_moderator | Detections found: 1
2025-12-29 12:33:34,262 | INFO | image_moderator | Verdict: SAFE | soft_score=0.00
2025-12-29 12:33:35,232 | INFO | image_moderator | Starting image moderation: tmpv_gyz1w_.jpg
2025-12-29 12:33:35,631 | INFO | image_moderator | Detections found: 2
2025-12-29 12:33:35,644 | INFO | image_moderator | Verdict: SAFE | soft_score=0.00
2025-12-29 12:33:36,632 | INFO | image_moderator | Starting image moderation: tmp09jizus9.jpg
2025-12-29 12:33:36,981 | INFO | image_moderator | Detections found: 2
2025-12-29 12:33:37,001 | INFO | image_moderator | Verdict: SAFE | soft_score=0.00
2025-12-29 12:33:38,223 | INFO | image_moderator | Starting image moderation: tmpd8ycx37a.jpg
2025-12-29 12:33:38,590 | INFO | image_moderator | Detections found: 1
2025-12-29 12:33:38,606 | INFO | image_moderator | Verdict: SAFE | soft_score=0.00
2025-12-29 12:33:39,572 | INFO | image_moderator | Starting image moderation: tmpjunqzlrb.jpg
2025-12-29 12:33:39,997 | INFO | image_moderator | Detections found: 3
2025-12-29 12:33:40,013 | INFO | image_moderator | Verdict: SAFE | soft_score=0.66
2025-12-29 12:33:41,021 | INFO | image_moderator | Starting image moderation: tmp6ywcbtpd.jpg
2025-12-29 12:33:41,440 | INFO | image_moderator | Detections found: 2
2025-12-29 12:33:41,453 | INFO | image_moderator | Verdict: SAFE | soft_score=0.00
2025-12-29 12:33:42,403 | INFO | image_moderator | Starting image moderation: tmpzc0_3p81.jpg
2025-12-29 12:33:42,847 | INFO | image_moderator | Detections found: 1
2025-12-29 12:33:42,861 | INFO | image_moderator | Verdict: SAFE | soft_score=0.00
2025-12-29 12:33:43,802 | INFO | image_moderator | Starting image moderation: tmpvfrskw9i.jpg
2025-12-29 12:33:44,173 | INFO | image_moderator | Detections found: 3
2025-12-29 12:33:44,193 | INFO | image_moderator | Verdict: SAFE | soft_score=0.66
2025-12-29 12:33:45,263 | INFO | image_moderator | Starting image moderation: tmpmzn_wwse.jpg
2025-12-29 12:33:45,614 | INFO | image_moderator | Detections found: 3
2025-12-29 12:33:45,631 | INFO | image_moderator | Verdict: SAFE | soft_score=0.00
2025-12-29 12:33:46,632 | INFO | image_moderator | Starting image moderation: tmp6274nug9.jpg
2025-12-29 12:33:47,034 | INFO | image_moderator | Detections found: 3
2025-12-29 12:33:47,042 | INFO | image_moderator | Verdict: SAFE | soft_score=0.61
2025-12-29 12:33:48,042 | INFO | image_moderator | Starting image moderation: tmpvj8pwi4g.jpg
2025-12-29 12:33:48,462 | INFO | image_moderator | Detections found: 2
2025-12-29 12:33:48,481 | INFO | image_moderator | Verdict: SAFE | soft_score=0.00
2025-12-29 12:33:49,443 | INFO | image_moderator | Starting image moderation: tmp87b7xith.jpg
2025-12-29 12:33:49,813 | INFO | image_moderator | Detections found: 1
2025-12-29 12:33:49,826 | INFO | image_moderator | Verdict: SAFE | soft_score=0.00
2025-12-29 12:33:50,751 | INFO | image_moderator | Starting image moderation: tmpfxph4plz.jpg
2025-12-29 12:33:51,148 | INFO | image_moderator | Detections found: 1
2025-12-29 12:33:51,162 | INFO | image_moderator | Verdict: SAFE | soft_score=0.00
2025-12-29 12:33:52,084 | INFO | image_moderator | Starting image moderation: tmpg9p60pbd.jpg
2025-12-29 12:33:52,504 | INFO | image_moderator | Detections found: 1
2025-12-29 12:33:52,521 | INFO | image_moderator | Verdict: SAFE | soft_score=0.00
2025-12-29 12:33:53,552 | INFO | image_moderator | Starting image moderation: tmpwob_u2s5.jpg
2025-12-29 12:33:53,906 | INFO | image_moderator | Detections found: 1
2025-12-29 12:33:53,912 | INFO | image_moderator | Verdict: SAFE | soft_score=0.00
2025-12-29 12:33:55,082 | INFO | image_moderator | Starting image moderation: tmpb2f09w3h.jpg
2025-12-29 12:33:55,492 | INFO | image_moderator | Detections found: 1
2025-12-29 12:33:55,508 | INFO | image_moderator | Verdict: SAFE | soft_score=0.00
2025-12-29 12:33:56,531 | INFO | image_moderator | Starting image moderation: tmpyuwr9ldf.jpg
2025-12-29 12:33:56,944 | INFO | image_moderator | Detections found: 1
2025-12-29 12:33:56,961 | INFO | image_moderator | Verdict: SAFE | soft_score=0.00
2025-12-29 12:33:58,001 | INFO | image_moderator | Starting image moderation: tmpbi0o8doj.jpg
2025-12-29 12:33:58,481 | INFO | image_moderator | Detections found: 1
2025-12-29 12:33:58,501 | INFO | image_moderator | Verdict: SAFE | soft_score=0.00
2025-12-29 12:33:59,422 | INFO | image_moderator | Starting image moderation: tmpqqxbl353.jpg
2025-12-29 12:33:59,791 | INFO | image_moderator | Detections found: 1
2025-12-29 12:33:59,802 | INFO | image_moderator | Verdict: SAFE | soft_score=0.00
2025-12-29 12:34:00,778 | INFO | image_moderator | Starting image moderation: tmptyo_8bbz.jpg
2025-12-29 12:34:01,172 | INFO | image_moderator | Detections found: 1
2025-12-29 12:34:01,183 | INFO | image_moderator | Verdict: SAFE | soft_score=0.00
2025-12-29 12:34:02,334 | INFO | image_moderator | Starting image moderation: tmpk2nbfaep.jpg
2025-12-29 12:34:02,691 | INFO | image_moderator | Detections found: 1
2025-12-29 12:34:02,702 | INFO | image_moderator | Verdict: SAFE | soft_score=0.00
2025-12-29 12:34:03,662 | INFO | image_moderator | Starting image moderation: tmp_fep0h0m.jpg
2025-12-29 12:34:04,052 | INFO | image_moderator | Detections found: 1
2025-12-29 12:34:04,061 | INFO | image_moderator | Verdict: SAFE | soft_score=0.00
2025-12-29 12:34:04,988 | INFO | image_moderator | Starting image moderation: tmppms25s3r.jpg
2025-12-29 12:34:05,377 | INFO | image_moderator | Detections found: 1
2025-12-29 12:34:05,392 | INFO | image_moderator | Verdict: SAFE | soft_score=0.00
2025-12-29 12:34:06,333 | INFO | image_moderator | Starting image moderation: tmpujz5x9fk.jpg
2025-12-29 12:34:06,694 | INFO | image_moderator | Detections found: 1
2025-12-29 12:34:06,712 | INFO | image_moderator | Verdict: SAFE | soft_score=0.00
2025-12-29 12:34:07,600 | INFO | image_moderator | Starting image moderation: tmp8uk9f1cp.jpg
2025-12-29 12:34:07,967 | INFO | image_moderator | Detections found: 1
2025-12-29 12:34:07,981 | INFO | image_moderator | Verdict: SAFE | soft_score=0.00
2025-12-29 12:34:09,096 | INFO | image_moderator | Starting image moderation: tmpja1915fy.jpg
2025-12-29 12:34:09,564 | INFO | image_moderator | Detections found: 1
2025-12-29 12:34:09,581 | INFO | image_moderator | Verdict: SAFE | soft_score=0.00
2025-12-29 12:34:10,562 | INFO | image_moderator | Starting image moderation: tmpyj8p5pts.jpg
2025-12-29 12:34:10,984 | INFO | image_moderator | Detections found: 1
2025-12-29 12:34:10,993 | INFO | image_moderator | Verdict: SAFE | soft_score=0.00
2025-12-29 12:34:11,925 | INFO | image_moderator | Starting image moderation: tmpis6ehga2.jpg
2025-12-29 12:34:12,333 | INFO | image_moderator | Detections found: 2
2025-12-29 12:34:12,342 | INFO | image_moderator | Verdict: SAFE | soft_score=0.00
2025-12-29 12:34:13,501 | INFO | image_moderator | Starting image moderation: tmpj8qkhfos.jpg
2025-12-29 12:34:13,863 | INFO | image_moderator | Detections found: 2
2025-12-29 12:34:13,881 | INFO | image_moderator | Verdict: SAFE | soft_score=0.00
2025-12-29 12:34:14,823 | INFO | image_moderator | Starting image moderation: tmpj4k8tknr.jpg
2025-12-29 12:34:15,157 | INFO | image_moderator | Detections found: 2
2025-12-29 12:34:15,174 | INFO | image_moderator | Verdict: SAFE | soft_score=0.00
2025-12-29 12:34:16,298 | INFO | image_moderator | Starting image moderation: tmpdje8lt5m.jpg
2025-12-29 12:34:16,773 | INFO | image_moderator | Detections found: 1
2025-12-29 12:34:16,802 | INFO | image_moderator | Verdict: SAFE | soft_score=0.00
2025-12-29 12:34:17,914 | INFO | image_moderator | Starting image moderation: tmp1z118qk8.jpg
2025-12-29 12:34:18,282 | INFO | image_moderator | Detections found: 2
2025-12-29 12:34:18,304 | INFO | image_moderator | Verdict: SAFE | soft_score=0.00
2025-12-29 12:34:19,282 | INFO | image_moderator | Starting image moderation: tmpxh_pvrvo.jpg
2025-12-29 12:34:19,712 | INFO | image_moderator | Detections found: 1
2025-12-29 12:34:19,725 | INFO | image_moderator | Verdict: SAFE | soft_score=0.00
2025-12-29 12:34:20,666 | INFO | image_moderator | Starting image moderation: tmp_rqbr1e_.jpg
2025-12-29 12:34:20,985 | INFO | image_moderator | Detections found: 1
2025-12-29 12:34:21,001 | INFO | image_moderator | Verdict: SAFE | soft_score=0.00
2025-12-29 12:34:21,953 | INFO | image_moderator | Starting image moderation: tmp0sczk87g.jpg
2025-12-29 12:34:22,386 | INFO | image_moderator | Detections found: 1
2025-12-29 12:34:22,402 | INFO | image_moderator | Verdict: SAFE | soft_score=0.00
2025-12-29 12:34:23,351 | INFO | image_moderator | Starting image moderation: tmpjuorcvi8.jpg
2025-12-29 12:34:23,741 | INFO | image_moderator | Detections found: 2
2025-12-29 12:34:23,754 | INFO | image_moderator | Verdict: SAFE | soft_score=0.00
2025-12-29 12:34:24,724 | INFO | image_moderator | Starting image moderation: tmp0eqzq1d1.jpg
2025-12-29 12:34:25,109 | INFO | image_moderator | Detections found: 1
2025-12-29 12:34:25,125 | INFO | image_moderator | Verdict: SAFE | soft_score=0.00
2025-12-29 12:34:26,076 | INFO | image_moderator | Starting image moderation: tmp36jm3sqt.jpg
2025-12-29 12:34:26,484 | INFO | image_moderator | Detections found: 1
2025-12-29 12:34:26,502 | INFO | image_moderator | Verdict: SAFE | soft_score=0.00
2025-12-29 12:34:27,467 | INFO | image_moderator | Starting image moderation: tmpyexfupqp.jpg
2025-12-29 12:34:27,812 | INFO | image_moderator | Detections found: 1
2025-12-29 12:34:27,826 | INFO | image_moderator | Verdict: SAFE | soft_score=0.00
2025-12-29 12:34:28,802 | INFO | image_moderator | Starting image moderation: tmpxg3u1vm1.jpg
2025-12-29 12:34:29,192 | INFO | image_moderator | Detections found: 1
2025-12-29 12:34:29,212 | INFO | image_moderator | Verdict: SAFE | soft_score=0.00
2025-12-29 12:34:30,197 | INFO | image_moderator | Starting image moderation: tmp8s0ra_uy.jpg
2025-12-29 12:34:30,594 | INFO | image_moderator | Detections found: 1
2025-12-29 12:34:30,603 | INFO | image_moderator | Verdict: SAFE | soft_score=0.00
2025-12-29 12:34:31,588 | INFO | image_moderator | Starting image moderation: tmp2fs7rgu_.jpg
2025-12-29 12:34:32,180 | INFO | image_moderator | Detections found: 2
2025-12-29 12:34:32,197 | INFO | image_moderator | Verdict: SAFE | soft_score=0.00
2025-12-29 12:34:33,168 | INFO | image_moderator | Starting image moderation: tmpq0ld5l03.jpg
2025-12-29 12:34:33,572 | INFO | image_moderator | Detections found: 1
2025-12-29 12:34:33,589 | INFO | image_moderator | Verdict: SAFE | soft_score=0.00
2025-12-29 12:34:34,556 | INFO | image_moderator | Starting image moderation: tmpc6ptay8d.jpg
2025-12-29 12:34:34,897 | INFO | image_moderator | Detections found: 1
2025-12-29 12:34:34,912 | INFO | image_moderator | Verdict: SAFE | soft_score=0.00
2025-12-29 12:34:35,888 | INFO | image_moderator | Starting image moderation: tmpratgziwl.jpg
2025-12-29 12:34:36,292 | INFO | image_moderator | Detections found: 1
2025-12-29 12:34:36,309 | INFO | image_moderator | Verdict: SAFE | soft_score=0.00
2025-12-29 12:34:37,275 | INFO | image_moderator | Starting image moderation: tmp46_9_jx6.jpg
2025-12-29 12:34:37,663 | INFO | image_moderator | Detections found: 1
2025-12-29 12:34:37,680 | INFO | image_moderator | Verdict: SAFE | soft_score=0.00
2025-12-29 12:34:38,638 | INFO | image_moderator | Starting image moderation: tmpg2fcee6t.jpg
2025-12-29 12:34:39,025 | INFO | image_moderator | Detections found: 1
2025-12-29 12:34:39,042 | INFO | image_moderator | Verdict: SAFE | soft_score=0.00
2025-12-29 12:34:40,002 | INFO | image_moderator | Starting image moderation: tmpu51a8ktt.jpg
2025-12-29 12:34:40,452 | INFO | image_moderator | Detections found: 1
2025-12-29 12:34:40,469 | INFO | image_moderator | Verdict: SAFE | soft_score=0.00
2025-12-29 12:34:41,421 | INFO | image_moderator | Starting image moderation: tmpqrjtkovu.jpg
2025-12-29 12:34:41,775 | INFO | image_moderator | Detections found: 2
2025-12-29 12:34:41,792 | INFO | image_moderator | Verdict: SAFE | soft_score=0.70
2025-12-29 12:34:42,772 | INFO | image_moderator | Starting image moderation: tmp0nf_donv.jpg
2025-12-29 12:34:43,163 | INFO | image_moderator | Detections found: 1
2025-12-29 12:34:43,173 | INFO | image_moderator | Verdict: SAFE | soft_score=0.00
2025-12-29 12:34:44,161 | INFO | image_moderator | Starting image moderation: tmpe3s1k5sz.jpg
2025-12-29 12:34:44,543 | INFO | image_moderator | Detections found: 1
2025-12-29 12:34:44,558 | INFO | image_moderator | Verdict: SAFE | soft_score=0.00
2025-12-29 12:34:45,514 | INFO | image_moderator | Starting image moderation: tmptc8kr4ax.jpg
2025-12-29 12:34:45,877 | INFO | image_moderator | Detections found: 0
2025-12-29 12:34:45,893 | INFO | image_moderator | Verdict: SAFE (no detections)
2025-12-29 12:34:46,847 | INFO | image_moderator | Starting image moderation: tmpc6ce3zo4.jpg
2025-12-29 12:34:47,223 | INFO | image_moderator | Detections found: 1
2025-12-29 12:34:47,242 | INFO | image_moderator | Verdict: SAFE | soft_score=0.00
2025-12-29 12:34:48,203 | INFO | image_moderator | Starting image moderation: tmpthmsoesy.jpg
2025-12-29 12:34:48,551 | INFO | image_moderator | Detections found: 1
2025-12-29 12:34:48,568 | INFO | image_moderator | Verdict: SAFE | soft_score=0.00
2025-12-29 12:34:49,511 | INFO | image_moderator | Starting image moderation: tmpdcbd2o9h.jpg
2025-12-29 12:34:49,883 | INFO | image_moderator | Detections found: 1
2025-12-29 12:34:49,902 | INFO | image_moderator | Verdict: SAFE | soft_score=0.00
2025-12-29 12:34:51,039 | INFO | image_moderator | Starting image moderation: tmppv1z0rdh.jpg
2025-12-29 12:34:51,533 | INFO | image_moderator | Detections found: 2
2025-12-29 12:34:51,557 | INFO | image_moderator | Verdict: SAFE | soft_score=0.00
2025-12-29 12:34:52,541 | INFO | image_moderator | Starting image moderation: tmp6pt9klck.jpg
2025-12-29 12:34:52,934 | INFO | image_moderator | Detections found: 1
2025-12-29 12:34:52,953 | INFO | image_moderator | Verdict: SAFE | soft_score=0.00
2025-12-29 12:34:54,401 | INFO | image_moderator | Starting image moderation: tmpg03unao3.jpg
2025-12-29 12:34:55,004 | INFO | image_moderator | Detections found: 1
2025-12-29 12:34:55,025 | INFO | image_moderator | Verdict: SAFE | soft_score=0.00
2025-12-29 12:34:56,225 | INFO | image_moderator | Starting image moderation: tmp4nwnx9qq.jpg
2025-12-29 12:34:56,626 | INFO | image_moderator | Detections found: 1
2025-12-29 12:34:56,641 | INFO | image_moderator | Verdict: SAFE | soft_score=0.00
2025-12-29 12:34:57,712 | INFO | image_moderator | Starting image moderation: tmpbj7_msdt.jpg
2025-12-29 12:34:58,073 | INFO | image_moderator | Detections found: 1
2025-12-29 12:34:58,092 | INFO | image_moderator | Verdict: SAFE | soft_score=0.00
2025-12-29 12:34:59,042 | INFO | image_moderator | Starting image moderation: tmp54rmdweu.jpg
2025-12-29 12:34:59,423 | INFO | image_moderator | Detections found: 1
2025-12-29 12:34:59,435 | INFO | image_moderator | Verdict: SAFE | soft_score=0.00
2025-12-29 12:35:00,488 | INFO | image_moderator | Starting image moderation: tmpgj1jwkpe.jpg
2025-12-29 12:35:00,924 | INFO | image_moderator | Detections found: 5
2025-12-29 12:35:00,941 | INFO | image_moderator | Verdict: SAFE | soft_score=0.00
2025-12-29 12:35:01,898 | INFO | image_moderator | Starting image moderation: tmpc5njw4r1.jpg
2025-12-29 12:35:02,258 | INFO | image_moderator | Detections found: 3
2025-12-29 12:35:02,272 | INFO | image_moderator | Verdict: REVIEW | sexual_score=0.00, soft_score=1.60
2025-12-29 12:35:02,292 | INFO | video_moderator | REVIEW frame detected | frame=104 | conf=1.60
2025-12-29 12:35:03,263 | INFO | image_moderator | Starting image moderation: tmpnvwtzb2z.jpg
2025-12-29 12:35:03,622 | INFO | image_moderator | Detections found: 3
2025-12-29 12:35:03,633 | INFO | image_moderator | Verdict: SAFE | soft_score=0.77
2025-12-29 12:35:04,574 | INFO | image_moderator | Starting image moderation: tmp6hq_4b9q.jpg
2025-12-29 12:35:04,972 | INFO | image_moderator | Detections found: 3
2025-12-29 12:35:04,992 | INFO | image_moderator | Verdict: SAFE | soft_score=0.00
2025-12-29 12:35:05,943 | INFO | image_moderator | Starting image moderation: tmps9yaw6tz.jpg
2025-12-29 12:35:06,325 | INFO | image_moderator | Detections found: 2
2025-12-29 12:35:06,342 | INFO | image_moderator | Verdict: SAFE | soft_score=0.00
2025-12-29 12:35:07,338 | INFO | image_moderator | Starting image moderation: tmpdb3bxams.jpg
2025-12-29 12:35:07,806 | INFO | image_moderator | Detections found: 2
2025-12-29 12:35:07,818 | INFO | image_moderator | Verdict: SAFE | soft_score=0.00
2025-12-29 12:35:08,786 | INFO | image_moderator | Starting image moderation: tmp4o1x17es.jpg
2025-12-29 12:35:09,223 | INFO | image_moderator | Detections found: 3
2025-12-29 12:35:09,238 | INFO | image_moderator | Verdict: SAFE | soft_score=0.00
2025-12-29 12:35:10,243 | INFO | image_moderator | Starting image moderation: tmpv8gx5qjp.jpg
2025-12-29 12:35:10,595 | INFO | image_moderator | Detections found: 0
2025-12-29 12:35:10,608 | INFO | image_moderator | Verdict: SAFE (no detections)
2025-12-29 12:35:11,543 | INFO | image_moderator | Starting image moderation: tmpripgf20r.jpg
2025-12-29 12:35:11,925 | INFO | image_moderator | Detections found: 0
2025-12-29 12:35:11,943 | INFO | image_moderator | Verdict: SAFE (no detections)
2025-12-29 12:35:12,902 | INFO | image_moderator | Starting image moderation: tmpole_ilea.jpg
2025-12-29 12:35:13,291 | INFO | image_moderator | Detections found: 2
2025-12-29 12:35:13,302 | INFO | image_moderator | Verdict: SAFE | soft_score=0.00
2025-12-29 12:35:14,260 | INFO | image_moderator | Starting image moderation: tmpt3ggxwzj.jpg
2025-12-29 12:35:14,632 | INFO | image_moderator | Detections found: 4
2025-12-29 12:35:14,652 | INFO | image_moderator | Verdict: SAFE | soft_score=0.00
2025-12-29 12:35:15,602 | INFO | image_moderator | Starting image moderation: tmp2m50qwb8.jpg
2025-12-29 12:35:16,037 | INFO | image_moderator | Detections found: 0
2025-12-29 12:35:16,053 | INFO | image_moderator | Verdict: SAFE (no detections)
2025-12-29 12:35:17,003 | INFO | image_moderator | Starting image moderation: tmp3fl_c779.jpg
2025-12-29 12:35:17,346 | INFO | image_moderator | Detections found: 1
2025-12-29 12:35:17,358 | INFO | image_moderator | Verdict: SAFE | soft_score=0.00
2025-12-29 12:35:18,308 | INFO | image_moderator | Starting image moderation: tmpst3vpp2q.jpg
2025-12-29 12:35:18,723 | INFO | image_moderator | Detections found: 1
2025-12-29 12:35:18,751 | INFO | image_moderator | Verdict: SAFE | soft_score=0.00
2025-12-29 12:35:19,768 | INFO | image_moderator | Starting image moderation: tmpqu9hj5_f.jpg
2025-12-29 12:35:20,165 | INFO | image_moderator | Detections found: 1
2025-12-29 12:35:20,178 | INFO | image_moderator | Verdict: SAFE | soft_score=0.00
2025-12-29 12:35:21,128 | INFO | image_moderator | Starting image moderation: tmpcxw5ap_6.jpg
2025-12-29 12:35:21,532 | INFO | image_moderator | Detections found: 6
2025-12-29 12:35:21,553 | INFO | image_moderator | Verdict: SAFE | soft_score=0.00
2025-12-29 12:35:22,541 | INFO | image_moderator | Starting image moderation: tmpfr836hh5.jpg
2025-12-29 12:35:22,932 | INFO | image_moderator | Detections found: 5
2025-12-29 12:35:22,946 | INFO | image_moderator | Verdict: SAFE | soft_score=0.00
2025-12-29 12:35:23,902 | INFO | image_moderator | Starting image moderation: tmpv_x48xsu.jpg
2025-12-29 12:35:24,244 | INFO | image_moderator | Detections found: 3
2025-12-29 12:35:24,261 | INFO | image_moderator | Verdict: SAFE | soft_score=0.00
2025-12-29 12:35:25,257 | INFO | image_moderator | Starting image moderation: tmpjgbjdbhs.jpg
2025-12-29 12:35:25,647 | INFO | image_moderator | Detections found: 3
2025-12-29 12:35:25,658 | INFO | image_moderator | Verdict: SAFE | soft_score=0.00
2025-12-29 12:35:26,646 | INFO | image_moderator | Starting image moderation: tmpjqiah0an.jpg
2025-12-29 12:35:26,998 | INFO | image_moderator | Detections found: 2
2025-12-29 12:35:27,013 | INFO | image_moderator | Verdict: SAFE | soft_score=0.00
2025-12-29 12:35:27,995 | INFO | image_moderator | Starting image moderation: tmpwe2_j0lj.jpg
2025-12-29 12:35:28,417 | INFO | image_moderator | Detections found: 1
2025-12-29 12:35:28,434 | INFO | image_moderator | Verdict: SAFE | soft_score=0.00
2025-12-29 12:35:29,912 | INFO | image_moderator | Starting image moderation: tmp2myc5l1h.jpg
2025-12-29 12:35:30,683 | INFO | image_moderator | Detections found: 0
2025-12-29 12:35:30,721 | INFO | image_moderator | Verdict: SAFE (no detections)
2025-12-29 12:35:31,835 | INFO | image_moderator | Starting image moderation: tmpc3bvbfdf.jpg
2025-12-29 12:35:32,256 | INFO | image_moderator | Detections found: 2
2025-12-29 12:35:32,277 | INFO | image_moderator | Verdict: SAFE | soft_score=0.00
2025-12-29 12:35:33,322 | INFO | image_moderator | Starting image moderation: tmpxn0fco9r.jpg
2025-12-29 12:35:33,721 | INFO | image_moderator | Detections found: 2
2025-12-29 12:35:33,736 | INFO | image_moderator | Verdict: SAFE | soft_score=0.00
2025-12-29 12:35:34,673 | INFO | image_moderator | Starting image moderation: tmp8dt9sp3c.jpg
2025-12-29 12:35:35,132 | INFO | image_moderator | Detections found: 1
2025-12-29 12:35:35,148 | INFO | image_moderator | Verdict: SAFE | soft_score=0.00
2025-12-29 12:35:36,252 | INFO | image_moderator | Starting image moderation: tmpp5pzx7ct.jpg
2025-12-29 12:35:36,646 | INFO | image_moderator | Detections found: 1
2025-12-29 12:35:36,663 | INFO | image_moderator | Verdict: SAFE | soft_score=0.00
2025-12-29 12:35:37,667 | INFO | image_moderator | Starting image moderation: tmppiwnr9fr.jpg
2025-12-29 12:35:38,051 | INFO | image_moderator | Detections found: 1
2025-12-29 12:35:38,064 | INFO | image_moderator | Verdict: SAFE | soft_score=0.00
2025-12-29 12:35:39,071 | INFO | image_moderator | Starting image moderation: tmpylayb5k4.jpg
2025-12-29 12:35:39,483 | INFO | image_moderator | Detections found: 0
2025-12-29 12:35:39,496 | INFO | image_moderator | Verdict: SAFE (no detections)
2025-12-29 12:35:40,562 | INFO | image_moderator | Starting image moderation: tmpdad2yxm4.jpg
2025-12-29 12:35:40,951 | INFO | image_moderator | Detections found: 1
2025-12-29 12:35:40,972 | INFO | image_moderator | Verdict: SAFE | soft_score=0.00
2025-12-29 12:35:41,956 | INFO | image_moderator | Starting image moderation: tmpxx7ybrwm.jpg
2025-12-29 12:35:42,333 | INFO | image_moderator | Detections found: 0
2025-12-29 12:35:42,342 | INFO | image_moderator | Verdict: SAFE (no detections)
2025-12-29 12:35:43,328 | INFO | image_moderator | Starting image moderation: tmpgdsgmb42.jpg
2025-12-29 12:35:43,745 | INFO | image_moderator | Detections found: 1
2025-12-29 12:35:43,754 | INFO | image_moderator | Verdict: SAFE | soft_score=0.00
2025-12-29 12:35:44,726 | INFO | image_moderator | Starting image moderation: tmp_15cvk2q.jpg
2025-12-29 12:35:45,135 | INFO | image_moderator | Detections found: 1
2025-12-29 12:35:45,152 | INFO | image_moderator | Verdict: SAFE | soft_score=0.00
2025-12-29 12:35:46,283 | INFO | image_moderator | Starting image moderation: tmpussm124a.jpg
2025-12-29 12:35:46,662 | INFO | image_moderator | Detections found: 1
2025-12-29 12:35:46,672 | INFO | image_moderator | Verdict: SAFE | soft_score=0.00
2025-12-29 12:35:47,628 | INFO | image_moderator | Starting image moderation: tmpclbdiewo.jpg
2025-12-29 12:35:48,031 | INFO | image_moderator | Detections found: 0
2025-12-29 12:35:48,044 | INFO | image_moderator | Verdict: SAFE (no detections)
2025-12-29 12:35:49,003 | INFO | image_moderator | Starting image moderation: tmpu2c2ob20.jpg
2025-12-29 12:35:49,411 | INFO | image_moderator | Detections found: 0
2025-12-29 12:35:49,430 | INFO | image_moderator | Verdict: SAFE (no detections)
2025-12-29 12:35:50,562 | INFO | image_moderator | Starting image moderation: tmpra53j270.jpg
2025-12-29 12:35:50,963 | INFO | image_moderator | Detections found: 1
2025-12-29 12:35:50,984 | INFO | image_moderator | Verdict: SAFE | soft_score=0.00
2025-12-29 12:35:51,980 | INFO | image_moderator | Starting image moderation: tmpr7dtc2ww.jpg
2025-12-29 12:35:52,311 | INFO | image_moderator | Detections found: 0
2025-12-29 12:35:52,331 | INFO | image_moderator | Verdict: SAFE (no detections)
2025-12-29 12:35:53,313 | INFO | image_moderator | Starting image moderation: tmp6zcou1qq.jpg
2025-12-29 12:35:53,692 | INFO | image_moderator | Detections found: 0
2025-12-29 12:35:53,704 | INFO | image_moderator | Verdict: SAFE (no detections)
2025-12-29 12:35:54,662 | INFO | image_moderator | Starting image moderation: tmphh5250_v.jpg
2025-12-29 12:35:55,032 | INFO | image_moderator | Detections found: 0
2025-12-29 12:35:55,054 | INFO | image_moderator | Verdict: SAFE (no detections)
2025-12-29 12:35:56,033 | INFO | image_moderator | Starting image moderation: tmp0dk_4tej.jpg
2025-12-29 12:35:56,473 | INFO | image_moderator | Detections found: 1
2025-12-29 12:35:56,492 | INFO | image_moderator | Verdict: SAFE | soft_score=0.00
2025-12-29 12:35:57,441 | INFO | image_moderator | Starting image moderation: tmp8sovqeme.jpg
2025-12-29 12:35:57,852 | INFO | image_moderator | Detections found: 1
2025-12-29 12:35:57,865 | INFO | image_moderator | Verdict: SAFE | soft_score=0.00
2025-12-29 12:35:58,818 | INFO | image_moderator | Starting image moderation: tmpdwdu9oum.jpg
2025-12-29 12:35:59,193 | INFO | image_moderator | Detections found: 1
2025-12-29 12:35:59,203 | INFO | image_moderator | Verdict: SAFE | soft_score=0.00
2025-12-29 12:36:00,183 | INFO | image_moderator | Starting image moderation: tmpc4e5h1y9.jpg
2025-12-29 12:36:00,532 | INFO | image_moderator | Detections found: 1
2025-12-29 12:36:00,543 | INFO | image_moderator | Verdict: SAFE | soft_score=0.00
2025-12-29 12:36:01,554 | INFO | image_moderator | Starting image moderation: tmpmc3oxojh.jpg
2025-12-29 12:36:01,944 | INFO | image_moderator | Detections found: 2
2025-12-29 12:36:01,963 | INFO | image_moderator | Verdict: SAFE | soft_score=0.00
2025-12-29 12:36:02,954 | INFO | image_moderator | Starting image moderation: tmpvdkpgvfm.jpg
2025-12-29 12:36:03,333 | INFO | image_moderator | Detections found: 3
2025-12-29 12:36:03,342 | INFO | image_moderator | Verdict: SAFE | soft_score=0.00
2025-12-29 12:36:04,542 | INFO | image_moderator | Starting image moderation: tmpn3ku0yq2.jpg
2025-12-29 12:36:04,922 | INFO | image_moderator | Detections found: 4
2025-12-29 12:36:04,935 | INFO | image_moderator | Verdict: SAFE | soft_score=0.67
2025-12-29 12:36:06,335 | INFO | image_moderator | Starting image moderation: tmph0cmtu16.jpg
2025-12-29 12:36:06,893 | INFO | image_moderator | Detections found: 2
2025-12-29 12:36:06,922 | INFO | image_moderator | Verdict: SAFE | soft_score=0.00
2025-12-29 12:36:08,122 | INFO | image_moderator | Starting image moderation: tmpztgep0zv.jpg
2025-12-29 12:36:08,562 | INFO | image_moderator | Detections found: 2
2025-12-29 12:36:08,584 | INFO | image_moderator | Verdict: SAFE | soft_score=0.00
2025-12-29 12:36:09,525 | INFO | image_moderator | Starting image moderation: tmpucdgfjn0.jpg
2025-12-29 12:36:09,934 | INFO | image_moderator | Detections found: 1
2025-12-29 12:36:09,951 | INFO | image_moderator | Verdict: SAFE | soft_score=0.00
2025-12-29 12:36:11,042 | INFO | image_moderator | Starting image moderation: tmpexvohcjm.jpg
2025-12-29 12:36:11,424 | INFO | image_moderator | Detections found: 2
2025-12-29 12:36:11,438 | INFO | image_moderator | Verdict: SAFE | soft_score=0.00
2025-12-29 12:36:12,402 | INFO | image_moderator | Starting image moderation: tmpwzuel824.jpg
2025-12-29 12:36:12,814 | INFO | image_moderator | Detections found: 2
2025-12-29 12:36:12,832 | INFO | image_moderator | Verdict: SAFE | soft_score=0.00
2025-12-29 12:36:13,746 | INFO | image_moderator | Starting image moderation: tmpz89wfuyl.jpg
2025-12-29 12:36:14,142 | INFO | image_moderator | Detections found: 2
2025-12-29 12:36:14,163 | INFO | image_moderator | Verdict: SAFE | soft_score=0.00
2025-12-29 12:36:15,122 | INFO | image_moderator | Starting image moderation: tmpbqbzojvt.jpg
2025-12-29 12:36:15,562 | INFO | image_moderator | Detections found: 1
2025-12-29 12:36:15,585 | INFO | image_moderator | Verdict: SAFE | soft_score=0.00
2025-12-29 12:36:16,622 | INFO | image_moderator | Starting image moderation: tmppkz4pyz9.jpg
2025-12-29 12:36:17,021 | INFO | image_moderator | Detections found: 1
2025-12-29 12:36:17,034 | INFO | image_moderator | Verdict: SAFE | soft_score=0.00
2025-12-29 12:36:18,008 | INFO | image_moderator | Starting image moderation: tmp1enu2gac.jpg
2025-12-29 12:36:18,363 | INFO | image_moderator | Detections found: 1
2025-12-29 12:36:18,375 | INFO | image_moderator | Verdict: SAFE | soft_score=0.00
2025-12-29 12:36:19,344 | INFO | image_moderator | Starting image moderation: tmpawxydfs0.jpg
2025-12-29 12:36:19,722 | INFO | image_moderator | Detections found: 1
2025-12-29 12:36:19,743 | INFO | image_moderator | Verdict: SAFE | soft_score=0.00
2025-12-29 12:36:20,721 | INFO | image_moderator | Starting image moderation: tmp94_b4l27.jpg
2025-12-29 12:36:21,114 | INFO | image_moderator | Detections found: 2
2025-12-29 12:36:21,121 | INFO | image_moderator | Verdict: SAFE | soft_score=0.00
2025-12-29 12:36:22,101 | INFO | image_moderator | Starting image moderation: tmp1jb2sm8w.jpg
2025-12-29 12:36:22,498 | INFO | image_moderator | Detections found: 1
2025-12-29 12:36:22,512 | INFO | image_moderator | Verdict: SAFE | soft_score=0.00
2025-12-29 12:36:23,432 | INFO | image_moderator | Starting image moderation: tmpliecpf82.jpg
2025-12-29 12:36:23,801 | INFO | image_moderator | Detections found: 1
2025-12-29 12:36:23,815 | INFO | image_moderator | Verdict: SAFE | soft_score=0.00
2025-12-29 12:36:24,782 | INFO | image_moderator | Starting image moderation: tmpkvk7znn5.jpg
2025-12-29 12:36:25,154 | INFO | image_moderator | Detections found: 2
2025-12-29 12:36:25,172 | INFO | image_moderator | Verdict: SAFE | soft_score=0.00
2025-12-29 12:36:26,206 | INFO | image_moderator | Starting image moderation: tmpvvnk1_bz.jpg
2025-12-29 12:36:26,574 | INFO | image_moderator | Detections found: 1
2025-12-29 12:36:26,583 | INFO | image_moderator | Verdict: SAFE | soft_score=0.00
2025-12-29 12:36:27,542 | INFO | image_moderator | Starting image moderation: tmprfp5ungc.jpg
2025-12-29 12:36:27,897 | INFO | image_moderator | Detections found: 2
2025-12-29 12:36:27,913 | INFO | image_moderator | Verdict: SAFE | soft_score=0.00
2025-12-29 12:36:28,872 | INFO | image_moderator | Starting image moderation: tmp9ub_ywlw.jpg
2025-12-29 12:36:29,282 | INFO | image_moderator | Detections found: 1
2025-12-29 12:36:29,295 | INFO | image_moderator | Verdict: SAFE | soft_score=0.00
2025-12-29 12:36:30,193 | INFO | image_moderator | Starting image moderation: tmpyldu7fk6.jpg
2025-12-29 12:36:30,572 | INFO | image_moderator | Detections found: 1
2025-12-29 12:36:30,585 | INFO | image_moderator | Verdict: SAFE | soft_score=0.00
2025-12-29 12:36:31,551 | INFO | image_moderator | Starting image moderation: tmpvib_l3iv.jpg
2025-12-29 12:36:31,922 | INFO | image_moderator | Detections found: 2
2025-12-29 12:36:31,933 | INFO | image_moderator | Verdict: SAFE | soft_score=0.00
2025-12-29 12:36:32,903 | INFO | image_moderator | Starting image moderation: tmpzxywsrp0.jpg
2025-12-29 12:36:33,284 | INFO | image_moderator | Detections found: 1
2025-12-29 12:36:33,293 | INFO | image_moderator | Verdict: SAFE | soft_score=0.00
2025-12-29 12:36:34,253 | INFO | image_moderator | Starting image moderation: tmp_u9y88_x.jpg
2025-12-29 12:36:34,654 | INFO | image_moderator | Detections found: 0
2025-12-29 12:36:34,670 | INFO | image_moderator | Verdict: SAFE (no detections)
2025-12-29 12:36:35,601 | INFO | image_moderator | Starting image moderation: tmpjo41ti80.jpg
2025-12-29 12:36:35,971 | INFO | image_moderator | Detections found: 4
2025-12-29 12:36:35,986 | INFO | image_moderator | Verdict: SAFE | soft_score=0.00
2025-12-29 12:36:36,891 | INFO | image_moderator | Starting image moderation: tmpldvp47j6.jpg
2025-12-29 12:36:37,275 | INFO | image_moderator | Detections found: 4
2025-12-29 12:36:37,287 | INFO | image_moderator | Verdict: SAFE | soft_score=0.00
2025-12-29 12:36:38,308 | INFO | image_moderator | Starting image moderation: tmprrfky8lx.jpg
2025-12-29 12:36:38,652 | INFO | image_moderator | Detections found: 5
2025-12-29 12:36:38,666 | INFO | image_moderator | Verdict: SAFE | soft_score=0.68
2025-12-29 12:36:39,581 | INFO | image_moderator | Starting image moderation: tmpxt2jilws.jpg
2025-12-29 12:36:39,952 | INFO | image_moderator | Detections found: 5
2025-12-29 12:36:39,972 | INFO | image_moderator | Verdict: SAFE | soft_score=0.00
2025-12-29 12:36:40,963 | INFO | image_moderator | Starting image moderation: tmpuqer9by5.jpg
2025-12-29 12:36:41,356 | INFO | image_moderator | Detections found: 5
2025-12-29 12:36:41,371 | INFO | image_moderator | Verdict: SAFE | soft_score=0.00
2025-12-29 12:36:42,504 | INFO | image_moderator | Starting image moderation: tmp9x4gxxrd.jpg
2025-12-29 12:36:42,911 | INFO | image_moderator | Detections found: 4
2025-12-29 12:36:42,966 | INFO | image_moderator | Verdict: REVIEW | sexual_score=0.52, soft_score=0.00
2025-12-29 12:36:43,002 | INFO | video_moderator | REVIEW frame detected | frame=175 | conf=0.52
2025-12-29 12:36:44,210 | INFO | image_moderator | Starting image moderation: tmpjfrekean.jpg
2025-12-29 12:36:44,602 | INFO | image_moderator | Detections found: 5
2025-12-29 12:36:44,615 | INFO | image_moderator | Verdict: REVIEW | sexual_score=0.00, soft_score=1.39
2025-12-29 12:36:44,642 | INFO | video_moderator | REVIEW frame detected | frame=176 | conf=1.39
2025-12-29 12:36:45,733 | INFO | image_moderator | Starting image moderation: tmp_d6pb5xq.jpg
2025-12-29 12:36:46,122 | INFO | image_moderator | Detections found: 4
2025-12-29 12:36:46,143 | INFO | image_moderator | Verdict: SAFE | soft_score=0.68
2025-12-29 12:36:47,271 | INFO | image_moderator | Starting image moderation: tmpqobsniqx.jpg
2025-12-29 12:36:47,671 | INFO | image_moderator | Detections found: 3
2025-12-29 12:36:47,692 | INFO | image_moderator | Verdict: SAFE | soft_score=0.00
2025-12-29 12:36:48,817 | INFO | image_moderator | Starting image moderation: tmp9m1j0xio.jpg
2025-12-29 12:36:49,218 | INFO | image_moderator | Detections found: 3
2025-12-29 12:36:49,232 | INFO | image_moderator | Verdict: SAFE | soft_score=0.00
2025-12-29 12:36:50,334 | INFO | image_moderator | Starting image moderation: tmph229jb34.jpg
2025-12-29 12:36:50,714 | INFO | image_moderator | Detections found: 3
2025-12-29 12:36:50,728 | INFO | image_moderator | Verdict: SAFE | soft_score=0.00
2025-12-29 12:36:52,058 | INFO | image_moderator | Starting image moderation: tmpjhahnkm4.jpg
2025-12-29 12:36:52,461 | INFO | image_moderator | Detections found: 3
2025-12-29 12:36:52,473 | INFO | image_moderator | Verdict: SAFE | soft_score=0.66
2025-12-29 12:36:53,548 | INFO | image_moderator | Starting image moderation: tmptwd0wb7u.jpg
2025-12-29 12:36:53,943 | INFO | image_moderator | Detections found: 2
2025-12-29 12:36:53,961 | INFO | image_moderator | Verdict: SAFE | soft_score=0.00
2025-12-29 12:36:55,042 | INFO | image_moderator | Starting image moderation: tmp_9jqksho.jpg
2025-12-29 12:36:55,466 | INFO | image_moderator | Detections found: 4
2025-12-29 12:36:55,497 | INFO | image_moderator | Verdict: SAFE | soft_score=0.65
2025-12-29 12:36:56,792 | INFO | image_moderator | Starting image moderation: tmpo_uu1ivm.jpg
2025-12-29 12:36:57,258 | INFO | image_moderator | Detections found: 4
2025-12-29 12:36:57,268 | INFO | image_moderator | Verdict: SAFE | soft_score=0.00
2025-12-29 12:36:58,412 | INFO | image_moderator | Starting image moderation: tmpq91cr5gi.jpg
2025-12-29 12:36:58,801 | INFO | image_moderator | Detections found: 2
2025-12-29 12:36:58,818 | INFO | image_moderator | Verdict: SAFE | soft_score=0.00
2025-12-29 12:36:59,918 | INFO | image_moderator | Starting image moderation: tmp89bsbvs_.jpg
2025-12-29 12:37:00,312 | INFO | image_moderator | Detections found: 2
2025-12-29 12:37:00,322 | INFO | image_moderator | Verdict: SAFE | soft_score=0.00
2025-12-29 12:37:01,462 | INFO | image_moderator | Starting image moderation: tmpanr9_3qm.jpg
2025-12-29 12:37:01,833 | INFO | image_moderator | Detections found: 1
2025-12-29 12:37:01,843 | INFO | image_moderator | Verdict: SAFE | soft_score=0.00
2025-12-29 12:37:02,983 | INFO | image_moderator | Starting image moderation: tmpbh27tejh.jpg
2025-12-29 12:37:03,421 | INFO | image_moderator | Detections found: 3
2025-12-29 12:37:03,432 | INFO | image_moderator | Verdict: SAFE | soft_score=0.00
2025-12-29 12:37:04,148 | INFO | image_moderator | Starting image moderation: tmp7ucqdpph.jpg
2025-12-29 12:37:04,202 | INFO | image_moderator | Detections found: 4
2025-12-29 12:37:04,204 | INFO | image_moderator | Verdict: SAFE | soft_score=0.62
2025-12-29 12:37:04,372 | INFO | image_moderator | Starting image moderation: tmpdppg559j.jpg
2025-12-29 12:37:04,431 | INFO | image_moderator | Detections found: 4
2025-12-29 12:37:04,431 | INFO | image_moderator | Verdict: SAFE | soft_score=0.00
2025-12-29 12:37:04,616 | INFO | image_moderator | Starting image moderation: tmps8qmhyan.jpg
2025-12-29 12:37:04,683 | INFO | image_moderator | Detections found: 5
2025-12-29 12:37:04,683 | INFO | image_moderator | Verdict: SAFE | soft_score=0.00
2025-12-29 12:37:04,842 | INFO | image_moderator | Starting image moderation: tmpehuayzkx.jpg
2025-12-29 12:37:04,889 | INFO | image_moderator | Detections found: 2
2025-12-29 12:37:04,892 | INFO | image_moderator | Verdict: SAFE | soft_score=0.00
2025-12-29 12:37:05,060 | INFO | image_moderator | Starting image moderation: tmpeic2yfxy.jpg
2025-12-29 12:37:05,105 | INFO | image_moderator | Detections found: 2
2025-12-29 12:37:05,107 | INFO | image_moderator | Verdict: SAFE | soft_score=0.00
2025-12-29 12:37:05,263 | INFO | image_moderator | Starting image moderation: tmpq7a7rmnx.jpg
2025-12-29 12:37:05,303 | INFO | image_moderator | Detections found: 4
2025-12-29 12:37:05,307 | INFO | image_moderator | Verdict: SAFE | soft_score=0.67
2025-12-29 12:37:05,489 | INFO | image_moderator | Starting image moderation: tmpltx93se6.jpg
2025-12-29 12:37:05,579 | INFO | image_moderator | Detections found: 3
2025-12-29 12:37:05,582 | INFO | image_moderator | Verdict: SAFE | soft_score=0.00
2025-12-29 12:37:06,623 | INFO | image_moderator | Starting image moderation: tmpk331vfl3.jpg
2025-12-29 12:37:07,055 | INFO | image_moderator | Detections found: 3
2025-12-29 12:37:07,072 | INFO | image_moderator | Verdict: SAFE | soft_score=0.00
2025-12-29 12:37:08,093 | INFO | image_moderator | Starting image moderation: tmpeo_uzfq2.jpg
2025-12-29 12:37:08,463 | INFO | image_moderator | Detections found: 2
2025-12-29 12:37:08,478 | INFO | image_moderator | Verdict: SAFE | soft_score=0.00
2025-12-29 12:37:09,471 | INFO | image_moderator | Starting image moderation: tmpep7j0v9x.jpg
2025-12-29 12:37:09,838 | INFO | image_moderator | Detections found: 2
2025-12-29 12:37:09,855 | INFO | image_moderator | Verdict: SAFE | soft_score=0.00
2025-12-29 12:37:10,772 | INFO | image_moderator | Starting image moderation: tmpshoremhj.jpg
2025-12-29 12:37:11,121 | INFO | image_moderator | Detections found: 3
2025-12-29 12:37:11,133 | INFO | image_moderator | Verdict: SAFE | soft_score=0.00
2025-12-29 12:37:12,075 | INFO | image_moderator | Starting image moderation: tmpijd8_d9i.jpg
2025-12-29 12:37:12,593 | INFO | image_moderator | Detections found: 1
2025-12-29 12:37:12,602 | INFO | image_moderator | Verdict: SAFE | soft_score=0.00
2025-12-29 12:37:13,562 | INFO | image_moderator | Starting image moderation: tmpg64_ayor.jpg
2025-12-29 12:37:13,956 | INFO | image_moderator | Detections found: 2
2025-12-29 12:37:13,975 | INFO | image_moderator | Verdict: SAFE | soft_score=0.00
2025-12-29 12:37:14,947 | INFO | image_moderator | Starting image moderation: tmphwjcjh6t.jpg
2025-12-29 12:37:15,281 | INFO | image_moderator | Detections found: 2
2025-12-29 12:37:15,292 | INFO | image_moderator | Verdict: SAFE | soft_score=0.00
2025-12-29 12:37:16,252 | INFO | image_moderator | Starting image moderation: tmpfi70t2tv.jpg
2025-12-29 12:37:16,622 | INFO | image_moderator | Detections found: 1
2025-12-29 12:37:16,643 | INFO | image_moderator | Verdict: SAFE | soft_score=0.00
2025-12-29 12:37:17,609 | INFO | image_moderator | Starting image moderation: tmp_4huwnni.jpg
2025-12-29 12:37:18,093 | INFO | image_moderator | Detections found: 1
2025-12-29 12:37:18,106 | INFO | image_moderator | Verdict: SAFE | soft_score=0.00
2025-12-29 12:37:19,233 | INFO | image_moderator | Starting image moderation: tmpnagq7sju.jpg
2025-12-29 12:37:19,644 | INFO | image_moderator | Detections found: 1
2025-12-29 12:37:19,661 | INFO | image_moderator | Verdict: SAFE | soft_score=0.00
2025-12-29 12:37:20,793 | INFO | image_moderator | Starting image moderation: tmp11lh80rd.jpg
2025-12-29 12:37:21,364 | INFO | image_moderator | Detections found: 1
2025-12-29 12:37:21,383 | INFO | image_moderator | Verdict: SAFE | soft_score=0.00
2025-12-29 12:37:22,613 | INFO | image_moderator | Starting image moderation: tmpej_a3rz7.jpg
2025-12-29 12:37:23,079 | INFO | image_moderator | Detections found: 1
2025-12-29 12:37:23,093 | INFO | image_moderator | Verdict: SAFE | soft_score=0.00
2025-12-29 12:37:24,081 | INFO | image_moderator | Starting image moderation: tmpluf2jmge.jpg
2025-12-29 12:37:24,455 | INFO | image_moderator | Detections found: 4
2025-12-29 12:37:24,472 | INFO | image_moderator | Verdict: SAFE | soft_score=0.00
2025-12-29 12:37:25,434 | INFO | image_moderator | Starting image moderation: tmpeww67sw8.jpg
2025-12-29 12:37:25,832 | INFO | image_moderator | Detections found: 1
2025-12-29 12:37:25,847 | INFO | image_moderator | Verdict: SAFE | soft_score=0.00
2025-12-29 12:37:26,861 | INFO | image_moderator | Starting image moderation: tmpm8szvg10.jpg
2025-12-29 12:37:27,264 | INFO | image_moderator | Detections found: 1
2025-12-29 12:37:27,282 | INFO | image_moderator | Verdict: SAFE | soft_score=0.00
2025-12-29 12:37:28,282 | INFO | image_moderator | Starting image moderation: tmpc8eg36p5.jpg
2025-12-29 12:37:28,674 | INFO | image_moderator | Detections found: 1
2025-12-29 12:37:28,688 | INFO | image_moderator | Verdict: SAFE | soft_score=0.00
2025-12-29 12:37:29,706 | INFO | image_moderator | Starting image moderation: tmpjg56p0b0.jpg
2025-12-29 12:37:30,073 | INFO | image_moderator | Detections found: 1
2025-12-29 12:37:30,087 | INFO | image_moderator | Verdict: SAFE | soft_score=0.00
2025-12-29 12:37:30,951 | INFO | image_moderator | Starting image moderation: tmpytiyp9y5.jpg
2025-12-29 12:37:31,342 | INFO | image_moderator | Detections found: 1
2025-12-29 12:37:31,360 | INFO | image_moderator | Verdict: SAFE | soft_score=0.00
2025-12-29 12:37:32,322 | INFO | image_moderator | Starting image moderation: tmpogy8dcfs.jpg
2025-12-29 12:37:32,712 | INFO | image_moderator | Detections found: 0
2025-12-29 12:37:32,731 | INFO | image_moderator | Verdict: SAFE (no detections)
2025-12-29 12:37:33,676 | INFO | image_moderator | Starting image moderation: tmpig3qqu8c.jpg
2025-12-29 12:37:34,026 | INFO | image_moderator | Detections found: 1
2025-12-29 12:37:34,043 | INFO | image_moderator | Verdict: SAFE | soft_score=0.00
2025-12-29 12:37:35,128 | INFO | image_moderator | Starting image moderation: tmpznd2uu0s.jpg
2025-12-29 12:37:35,557 | INFO | image_moderator | Detections found: 2
2025-12-29 12:37:35,574 | INFO | image_moderator | Verdict: SAFE | soft_score=0.00
2025-12-29 12:37:36,673 | INFO | image_moderator | Starting image moderation: tmpzu02evzx.jpg
2025-12-29 12:37:37,075 | INFO | image_moderator | Detections found: 1
2025-12-29 12:37:37,101 | INFO | image_moderator | Verdict: SAFE | soft_score=0.00
2025-12-29 12:37:38,059 | INFO | image_moderator | Starting image moderation: tmp6_htvxgf.jpg
2025-12-29 12:37:38,145 | INFO | image_moderator | Detections found: 1
2025-12-29 12:37:38,147 | INFO | image_moderator | Verdict: SAFE | soft_score=0.00
2025-12-29 12:37:38,327 | INFO | image_moderator | Starting image moderation: tmppjszzein.jpg
2025-12-29 12:37:38,383 | INFO | image_moderator | Detections found: 3
2025-12-29 12:37:38,383 | INFO | image_moderator | Verdict: SAFE | soft_score=0.00
2025-12-29 12:37:38,561 | INFO | image_moderator | Starting image moderation: tmp_n4wmyy5.jpg
2025-12-29 12:37:38,641 | INFO | image_moderator | Detections found: 2
2025-12-29 12:37:38,661 | INFO | image_moderator | Verdict: SAFE | soft_score=0.00
2025-12-29 12:37:38,892 | INFO | image_moderator | Starting image moderation: tmpjdnfisah.jpg
2025-12-29 12:37:38,947 | INFO | image_moderator | Detections found: 5
2025-12-29 12:37:38,950 | INFO | image_moderator | Verdict: SAFE | soft_score=0.00
2025-12-29 12:37:39,134 | INFO | image_moderator | Starting image moderation: tmp8hcpkp3q.jpg
2025-12-29 12:37:39,289 | INFO | image_moderator | Detections found: 3
2025-12-29 12:37:39,311 | INFO | image_moderator | Verdict: SAFE | soft_score=0.00
2025-12-29 12:37:39,515 | INFO | image_moderator | Starting image moderation: tmpqax_le1a.jpg
2025-12-29 12:37:39,583 | INFO | image_moderator | Detections found: 4
2025-12-29 12:37:39,583 | INFO | image_moderator | Verdict: SAFE | soft_score=0.00
2025-12-29 12:37:39,757 | INFO | image_moderator | Starting image moderation: tmp54n44qxb.jpg
2025-12-29 12:37:39,811 | INFO | image_moderator | Detections found: 1
2025-12-29 12:37:39,813 | INFO | image_moderator | Verdict: SAFE | soft_score=0.00
2025-12-29 12:37:39,981 | INFO | image_moderator | Starting image moderation: tmppyb2g3ew.jpg
2025-12-29 12:37:40,021 | INFO | image_moderator | Detections found: 2
2025-12-29 12:37:40,022 | INFO | image_moderator | Verdict: SAFE | soft_score=0.00
2025-12-29 12:37:40,192 | INFO | image_moderator | Starting image moderation: tmpuvwxu5f2.jpg
2025-12-29 12:37:40,241 | INFO | image_moderator | Detections found: 1
2025-12-29 12:37:40,241 | INFO | image_moderator | Verdict: SAFE | soft_score=0.00
2025-12-29 12:37:40,423 | INFO | image_moderator | Starting image moderation: tmpz74deruk.jpg
2025-12-29 12:37:40,471 | INFO | image_moderator | Detections found: 0
2025-12-29 12:37:40,482 | INFO | image_moderator | Verdict: SAFE (no detections)
2025-12-29 12:37:40,647 | INFO | image_moderator | Starting image moderation: tmpnwg9ps4v.jpg
2025-12-29 12:37:40,715 | INFO | image_moderator | Detections found: 1
2025-12-29 12:37:40,716 | INFO | image_moderator | Verdict: SAFE | soft_score=0.00
2025-12-29 12:37:40,884 | INFO | image_moderator | Starting image moderation: tmph11zl0bg.jpg
2025-12-29 12:37:41,012 | INFO | image_moderator | Detections found: 1
2025-12-29 12:37:41,022 | INFO | image_moderator | Verdict: SAFE | soft_score=0.00
2025-12-29 12:37:41,181 | INFO | image_moderator | Starting image moderation: tmp0tndqz18.jpg
2025-12-29 12:37:41,241 | INFO | image_moderator | Detections found: 1
2025-12-29 12:37:41,243 | INFO | image_moderator | Verdict: SAFE | soft_score=0.00
2025-12-29 12:37:41,395 | INFO | image_moderator | Starting image moderation: tmp98v3gfvh.jpg
2025-12-29 12:37:41,437 | INFO | image_moderator | Detections found: 1
2025-12-29 12:37:41,439 | INFO | image_moderator | Verdict: SAFE | soft_score=0.00
2025-12-29 12:37:41,601 | INFO | image_moderator | Starting image moderation: tmpfl8ec5t_.jpg
2025-12-29 12:37:41,647 | INFO | image_moderator | Detections found: 1
2025-12-29 12:37:41,647 | INFO | image_moderator | Verdict: SAFE | soft_score=0.00
2025-12-29 12:37:41,828 | INFO | image_moderator | Starting image moderation: tmp_c9r4lm0.jpg
2025-12-29 12:37:41,893 | INFO | image_moderator | Detections found: 1
2025-12-29 12:37:41,893 | INFO | image_moderator | Verdict: SAFE | soft_score=0.00
2025-12-29 12:37:42,067 | INFO | image_moderator | Starting image moderation: tmp5bhy9o55.jpg
2025-12-29 12:37:42,111 | INFO | image_moderator | Detections found: 1
2025-12-29 12:37:42,111 | INFO | image_moderator | Verdict: SAFE | soft_score=0.00
2025-12-29 12:37:42,267 | INFO | image_moderator | Starting image moderation: tmp4v9eimbk.jpg
2025-12-29 12:37:42,313 | INFO | image_moderator | Detections found: 1
2025-12-29 12:37:42,313 | INFO | image_moderator | Verdict: SAFE | soft_score=0.00
2025-12-29 12:37:42,455 | INFO | image_moderator | Starting image moderation: tmp9y5onvjk.jpg
2025-12-29 12:37:42,493 | INFO | image_moderator | Detections found: 1
2025-12-29 12:37:42,493 | INFO | image_moderator | Verdict: SAFE | soft_score=0.00
2025-12-29 12:37:42,636 | INFO | image_moderator | Starting image moderation: tmpin39ep2q.jpg
2025-12-29 12:37:42,681 | INFO | image_moderator | Detections found: 1
2025-12-29 12:37:42,682 | INFO | image_moderator | Verdict: SAFE | soft_score=0.00
2025-12-29 12:37:42,812 | INFO | image_moderator | Starting image moderation: tmp7xrxl5nx.jpg
2025-12-29 12:37:42,851 | INFO | image_moderator | Detections found: 1
2025-12-29 12:37:42,853 | INFO | image_moderator | Verdict: SAFE | soft_score=0.00
2025-12-29 12:37:42,997 | INFO | image_moderator | Starting image moderation: tmp5bqtob72.jpg
2025-12-29 12:37:43,033 | INFO | image_moderator | Detections found: 1
2025-12-29 12:37:43,033 | INFO | image_moderator | Verdict: SAFE | soft_score=0.00
2025-12-29 12:37:43,165 | INFO | image_moderator | Starting image moderation: tmplrhc7yyo.jpg
2025-12-29 12:37:43,202 | INFO | image_moderator | Detections found: 1
2025-12-29 12:37:43,204 | INFO | image_moderator | Verdict: SAFE | soft_score=0.00
2025-12-29 12:37:43,337 | INFO | image_moderator | Starting image moderation: tmpfj918eil.jpg
2025-12-29 12:37:43,379 | INFO | image_moderator | Detections found: 1
2025-12-29 12:37:43,381 | INFO | image_moderator | Verdict: SAFE | soft_score=0.00
2025-12-29 12:37:43,523 | INFO | image_moderator | Starting image moderation: tmpebf_p8zr.jpg
2025-12-29 12:37:43,562 | INFO | image_moderator | Detections found: 1
2025-12-29 12:37:43,562 | INFO | image_moderator | Verdict: SAFE | soft_score=0.00
2025-12-29 12:37:43,693 | INFO | image_moderator | Starting image moderation: tmpvovuhvt2.jpg
2025-12-29 12:37:43,740 | INFO | image_moderator | Detections found: 1
2025-12-29 12:37:43,741 | INFO | image_moderator | Verdict: SAFE | soft_score=0.00
2025-12-29 12:37:43,873 | INFO | image_moderator | Starting image moderation: tmp2rv63z0v.jpg
2025-12-29 12:37:43,913 | INFO | image_moderator | Detections found: 1
2025-12-29 12:37:43,915 | INFO | image_moderator | Verdict: SAFE | soft_score=0.00
2025-12-29 12:37:44,052 | INFO | image_moderator | Starting image moderation: tmpbe_7gii0.jpg
2025-12-29 12:37:44,092 | INFO | image_moderator | Detections found: 1
2025-12-29 12:37:44,094 | INFO | image_moderator | Verdict: SAFE | soft_score=0.00
2025-12-29 12:37:44,232 | INFO | image_moderator | Starting image moderation: tmpdhb9ia4j.jpg
2025-12-29 12:37:44,299 | INFO | image_moderator | Detections found: 1
2025-12-29 12:37:44,299 | INFO | image_moderator | Verdict: SAFE | soft_score=0.00
2025-12-29 12:37:44,361 | INFO | video_moderator | Final verdict=SAFE | nsfw_ratio=0.00 | max_confidence=1.60
2025-12-29 12:37:44,361 | INFO | ModerationSystem | VIDEO verdict=SAFE confidence=1.6
